[0.135s] DEBUG:colcon:Command line arguments: ['/usr/bin/colcon', 'build']
[0.135s] DEBUG:colcon:Parsed command line arguments: Namespace(log_base=None, log_level=None, verb_name='build', build_base='build', install_base='install', merge_install=False, symlink_install=False, test_result_base=None, continue_on_error=False, executor='parallel', parallel_workers=8, event_handlers=None, ignore_user_meta=False, metas=['./colcon.meta'], base_paths=['.'], packages_ignore=None, packages_ignore_regex=None, paths=None, packages_up_to=None, packages_up_to_regex=None, packages_above=None, packages_above_and_dependencies=None, packages_above_depth=None, packages_select_by_dep=None, packages_skip_by_dep=None, packages_skip_up_to=None, packages_select_build_failed=False, packages_skip_build_finished=False, packages_select_test_failures=False, packages_skip_test_passed=False, packages_select=None, packages_skip=None, packages_select_regex=None, packages_skip_regex=None, packages_start=None, packages_end=None, allow_overriding=[], cmake_args=None, cmake_target=None, cmake_target_skip_unavailable=False, cmake_clean_cache=False, cmake_clean_first=False, cmake_force_configure=False, ament_cmake_args=None, catkin_cmake_args=None, catkin_skip_building_tests=False, mixin_files=None, mixin=None, verb_parser=<colcon_mixin.mixin.mixin_argument.MixinArgumentDecorator object at 0x7fb2b3fe11b0>, verb_extension=<colcon_core.verb.build.BuildVerb object at 0x7fb2b40c97e0>, main=<bound method BuildVerb.main of <colcon_core.verb.build.BuildVerb object at 0x7fb2b40c97e0>>, mixin_verb=('build',))
[0.231s] Level 1:colcon.colcon_core.package_discovery:discover_packages(colcon_meta) check parameters
[0.231s] Level 1:colcon.colcon_core.package_discovery:discover_packages(recursive) check parameters
[0.231s] Level 1:colcon.colcon_core.package_discovery:discover_packages(ignore) check parameters
[0.231s] Level 1:colcon.colcon_core.package_discovery:discover_packages(path) check parameters
[0.231s] Level 1:colcon.colcon_core.package_discovery:discover_packages(colcon_meta) discover
[0.231s] Level 1:colcon.colcon_core.package_discovery:discover_packages(recursive) discover
[0.231s] INFO:colcon.colcon_core.package_discovery:Crawling recursively for packages in '/home/ajr/ros2_ws/src/sun_drawer_4'
[0.231s] Level 1:colcon.colcon_core.package_identification:_identify(.) by extensions ['ignore', 'ignore_ament_install']
[0.231s] Level 1:colcon.colcon_core.package_identification:_identify(.) by extension 'ignore'
[0.231s] Level 1:colcon.colcon_core.package_identification:_identify(.) by extension 'ignore_ament_install'
[0.231s] Level 1:colcon.colcon_core.package_identification:_identify(.) by extensions ['colcon_pkg']
[0.231s] Level 1:colcon.colcon_core.package_identification:_identify(.) by extension 'colcon_pkg'
[0.231s] Level 1:colcon.colcon_core.package_identification:_identify(.) by extensions ['colcon_meta']
[0.231s] Level 1:colcon.colcon_core.package_identification:_identify(.) by extension 'colcon_meta'
[0.231s] Level 1:colcon.colcon_core.package_identification:_identify(.) by extensions ['ros']
[0.231s] Level 1:colcon.colcon_core.package_identification:_identify(.) by extension 'ros'
[0.240s] DEBUG:colcon.colcon_core.package_identification:Package '.' with type 'ros.ament_python' and name 'sun_drawer_4'
[0.240s] Level 1:colcon.colcon_core.package_discovery:discover_packages(recursive) using defaults
[0.240s] Level 1:colcon.colcon_core.package_discovery:discover_packages(ignore) discover
[0.240s] Level 1:colcon.colcon_core.package_discovery:discover_packages(ignore) using defaults
[0.240s] Level 1:colcon.colcon_core.package_discovery:discover_packages(path) discover
[0.240s] Level 1:colcon.colcon_core.package_discovery:discover_packages(path) using defaults
[0.254s] Level 1:colcon.colcon_core.package_discovery:discover_packages(prefix_path) check parameters
[0.254s] Level 1:colcon.colcon_core.package_discovery:discover_packages(prefix_path) discover
[0.257s] DEBUG:colcon.colcon_installed_package_information.package_discovery:Found 23 installed packages in /home/ajr/ros2_ws/install
[0.258s] DEBUG:colcon.colcon_installed_package_information.package_discovery:Found 288 installed packages in /opt/ros/humble
[0.259s] Level 1:colcon.colcon_core.package_discovery:discover_packages(prefix_path) using defaults
[0.305s] Level 5:colcon.colcon_core.verb:set package 'sun_drawer_4' build argument 'cmake_args' from command line to 'None'
[0.305s] Level 5:colcon.colcon_core.verb:set package 'sun_drawer_4' build argument 'cmake_target' from command line to 'None'
[0.305s] Level 5:colcon.colcon_core.verb:set package 'sun_drawer_4' build argument 'cmake_target_skip_unavailable' from command line to 'False'
[0.305s] Level 5:colcon.colcon_core.verb:set package 'sun_drawer_4' build argument 'cmake_clean_cache' from command line to 'False'
[0.305s] Level 5:colcon.colcon_core.verb:set package 'sun_drawer_4' build argument 'cmake_clean_first' from command line to 'False'
[0.305s] Level 5:colcon.colcon_core.verb:set package 'sun_drawer_4' build argument 'cmake_force_configure' from command line to 'False'
[0.305s] Level 5:colcon.colcon_core.verb:set package 'sun_drawer_4' build argument 'ament_cmake_args' from command line to 'None'
[0.305s] Level 5:colcon.colcon_core.verb:set package 'sun_drawer_4' build argument 'catkin_cmake_args' from command line to 'None'
[0.305s] Level 5:colcon.colcon_core.verb:set package 'sun_drawer_4' build argument 'catkin_skip_building_tests' from command line to 'False'
[0.305s] DEBUG:colcon.colcon_core.verb:Building package 'sun_drawer_4' with the following arguments: {'ament_cmake_args': None, 'build_base': '/home/ajr/ros2_ws/src/sun_drawer_4/build/sun_drawer_4', 'catkin_cmake_args': None, 'catkin_skip_building_tests': False, 'cmake_args': None, 'cmake_clean_cache': False, 'cmake_clean_first': False, 'cmake_force_configure': False, 'cmake_target': None, 'cmake_target_skip_unavailable': False, 'install_base': '/home/ajr/ros2_ws/src/sun_drawer_4/install/sun_drawer_4', 'merge_install': False, 'path': '/home/ajr/ros2_ws/src/sun_drawer_4', 'symlink_install': False, 'test_result_base': None}
[0.305s] INFO:colcon.colcon_core.executor:Executing jobs using 'parallel' executor
[0.307s] DEBUG:colcon.colcon_parallel_executor.executor.parallel:run_until_complete
[0.307s] INFO:colcon.colcon_ros.task.ament_python.build:Building ROS package in '/home/ajr/ros2_ws/src/sun_drawer_4' with build type 'ament_python'
[0.307s] Level 1:colcon.colcon_core.shell:create_environment_hook('sun_drawer_4', 'ament_prefix_path')
[0.312s] INFO:colcon.colcon_core.plugin_system:Skipping extension 'colcon_core.shell.bat': Not used on non-Windows systems
[0.312s] INFO:colcon.colcon_core.shell:Creating environment hook '/home/ajr/ros2_ws/src/sun_drawer_4/install/sun_drawer_4/share/sun_drawer_4/hook/ament_prefix_path.ps1'
[0.313s] INFO:colcon.colcon_core.shell:Creating environment descriptor '/home/ajr/ros2_ws/src/sun_drawer_4/install/sun_drawer_4/share/sun_drawer_4/hook/ament_prefix_path.dsv'
[0.314s] INFO:colcon.colcon_core.shell:Creating environment hook '/home/ajr/ros2_ws/src/sun_drawer_4/install/sun_drawer_4/share/sun_drawer_4/hook/ament_prefix_path.sh'
[0.315s] INFO:colcon.colcon_core.shell:Skip shell extension 'powershell' for command environment: Not usable outside of PowerShell
[0.315s] DEBUG:colcon.colcon_core.shell:Skip shell extension 'dsv' for command environment
[0.493s] INFO:colcon.colcon_core.task.python.build:Building Python package in '/home/ajr/ros2_ws/src/sun_drawer_4'
[0.493s] INFO:colcon.colcon_core.shell:Skip shell extension 'powershell' for command environment: Not usable outside of PowerShell
[0.493s] DEBUG:colcon.colcon_core.shell:Skip shell extension 'dsv' for command environment
[0.762s] DEBUG:colcon.colcon_core.event_handler.log_command:Invoking command in '/home/ajr/ros2_ws/src/sun_drawer_4': PYTHONPATH=/home/ajr/ros2_ws/src/sun_drawer_4/build/sun_drawer_4/prefix_override:/usr/lib/python3/dist-packages/colcon_core/task/python/colcon_distutils_commands:/home/ajr/ros2_ws/src/sun_drawer_4/install/sun_drawer_4/lib/python3.10/site-packages:${PYTHONPATH} /usr/bin/python3 -W ignore:setup.py install is deprecated setup.py egg_info --egg-base build/sun_drawer_4 build --build-base /home/ajr/ros2_ws/src/sun_drawer_4/build/sun_drawer_4/build install --record /home/ajr/ros2_ws/src/sun_drawer_4/build/sun_drawer_4/install.log --single-version-externally-managed install_data
[0.974s] DEBUG:colcon.colcon_core.event_handler.log_command:Invoked command in '/home/ajr/ros2_ws/src/sun_drawer_4' returned '0': PYTHONPATH=/home/ajr/ros2_ws/src/sun_drawer_4/build/sun_drawer_4/prefix_override:/usr/lib/python3/dist-packages/colcon_core/task/python/colcon_distutils_commands:/home/ajr/ros2_ws/src/sun_drawer_4/install/sun_drawer_4/lib/python3.10/site-packages:${PYTHONPATH} /usr/bin/python3 -W ignore:setup.py install is deprecated setup.py egg_info --egg-base build/sun_drawer_4 build --build-base /home/ajr/ros2_ws/src/sun_drawer_4/build/sun_drawer_4/build install --record /home/ajr/ros2_ws/src/sun_drawer_4/build/sun_drawer_4/install.log --single-version-externally-managed install_data
[0.983s] Level 1:colcon.colcon_core.environment:checking '/home/ajr/ros2_ws/src/sun_drawer_4/install/sun_drawer_4' for CMake module files
[0.983s] Level 1:colcon.colcon_core.environment:checking '/home/ajr/ros2_ws/src/sun_drawer_4/install/sun_drawer_4' for CMake config files
[0.984s] Level 1:colcon.colcon_core.environment:checking '/home/ajr/ros2_ws/src/sun_drawer_4/install/sun_drawer_4/lib'
[0.984s] Level 1:colcon.colcon_core.environment:checking '/home/ajr/ros2_ws/src/sun_drawer_4/install/sun_drawer_4/bin'
[0.984s] Level 1:colcon.colcon_core.environment:checking '/home/ajr/ros2_ws/src/sun_drawer_4/install/sun_drawer_4/lib/pkgconfig/sun_drawer_4.pc'
[0.984s] Level 1:colcon.colcon_core.environment:checking '/home/ajr/ros2_ws/src/sun_drawer_4/install/sun_drawer_4/lib/python3.10/site-packages'
[0.984s] Level 1:colcon.colcon_core.shell:create_environment_hook('sun_drawer_4', 'pythonpath')
[0.984s] INFO:colcon.colcon_core.shell:Creating environment hook '/home/ajr/ros2_ws/src/sun_drawer_4/install/sun_drawer_4/share/sun_drawer_4/hook/pythonpath.ps1'
[0.985s] INFO:colcon.colcon_core.shell:Creating environment descriptor '/home/ajr/ros2_ws/src/sun_drawer_4/install/sun_drawer_4/share/sun_drawer_4/hook/pythonpath.dsv'
[0.985s] INFO:colcon.colcon_core.shell:Creating environment hook '/home/ajr/ros2_ws/src/sun_drawer_4/install/sun_drawer_4/share/sun_drawer_4/hook/pythonpath.sh'
[0.985s] Level 1:colcon.colcon_core.environment:checking '/home/ajr/ros2_ws/src/sun_drawer_4/install/sun_drawer_4/bin'
[0.985s] Level 1:colcon.colcon_core.environment:create_environment_scripts_only(sun_drawer_4)
[0.986s] INFO:colcon.colcon_core.shell:Creating package script '/home/ajr/ros2_ws/src/sun_drawer_4/install/sun_drawer_4/share/sun_drawer_4/package.ps1'
[0.987s] INFO:colcon.colcon_core.shell:Creating package descriptor '/home/ajr/ros2_ws/src/sun_drawer_4/install/sun_drawer_4/share/sun_drawer_4/package.dsv'
[0.987s] INFO:colcon.colcon_core.shell:Creating package script '/home/ajr/ros2_ws/src/sun_drawer_4/install/sun_drawer_4/share/sun_drawer_4/package.sh'
[0.988s] INFO:colcon.colcon_core.shell:Creating package script '/home/ajr/ros2_ws/src/sun_drawer_4/install/sun_drawer_4/share/sun_drawer_4/package.bash'
[0.989s] INFO:colcon.colcon_core.shell:Creating package script '/home/ajr/ros2_ws/src/sun_drawer_4/install/sun_drawer_4/share/sun_drawer_4/package.zsh'
[0.990s] Level 1:colcon.colcon_core.environment:create_file_with_runtime_dependencies(/home/ajr/ros2_ws/src/sun_drawer_4/install/sun_drawer_4/share/colcon-core/packages/sun_drawer_4)
[0.990s] DEBUG:colcon.colcon_parallel_executor.executor.parallel:closing loop
[0.991s] DEBUG:colcon.colcon_parallel_executor.executor.parallel:loop closed
[0.991s] DEBUG:colcon.colcon_parallel_executor.executor.parallel:run_until_complete finished with '0'
[0.991s] DEBUG:colcon.colcon_core.event_reactor:joining thread
[1.037s] INFO:colcon.colcon_core.plugin_system:Skipping extension 'colcon_notification.desktop_notification.notify_send': Could not find 'notify-send'
[1.037s] INFO:colcon.colcon_core.plugin_system:Skipping extension 'colcon_notification.desktop_notification.terminal_notifier': Not used on non-Darwin systems
[1.037s] INFO:colcon.colcon_core.plugin_system:Skipping extension 'colcon_notification.desktop_notification.win32': Not used on non-Windows systems
[1.037s] INFO:colcon.colcon_notification.desktop_notification:Sending desktop notification using 'notify2'
[1.038s] DEBUG:colcon.colcon_notification.desktop_notification.notify2:Failed to initialize notify2: org.freedesktop.DBus.Error.FileNotFound: Failed to connect to socket /run/user/1000/bus: No such file or directory
[1.038s] DEBUG:colcon.colcon_core.event_reactor:joined thread
[1.038s] INFO:colcon.colcon_core.shell:Creating prefix script '/home/ajr/ros2_ws/src/sun_drawer_4/install/local_setup.ps1'
[1.039s] INFO:colcon.colcon_core.shell:Creating prefix util module '/home/ajr/ros2_ws/src/sun_drawer_4/install/_local_setup_util_ps1.py'
[1.041s] INFO:colcon.colcon_core.shell:Creating prefix chain script '/home/ajr/ros2_ws/src/sun_drawer_4/install/setup.ps1'
[1.042s] INFO:colcon.colcon_core.shell:Creating prefix script '/home/ajr/ros2_ws/src/sun_drawer_4/install/local_setup.sh'
[1.043s] INFO:colcon.colcon_core.shell:Creating prefix util module '/home/ajr/ros2_ws/src/sun_drawer_4/install/_local_setup_util_sh.py'
[1.043s] INFO:colcon.colcon_core.shell:Creating prefix chain script '/home/ajr/ros2_ws/src/sun_drawer_4/install/setup.sh'
[1.044s] INFO:colcon.colcon_core.shell:Creating prefix script '/home/ajr/ros2_ws/src/sun_drawer_4/install/local_setup.bash'
[1.045s] INFO:colcon.colcon_core.shell:Creating prefix chain script '/home/ajr/ros2_ws/src/sun_drawer_4/install/setup.bash'
[1.046s] INFO:colcon.colcon_core.shell:Creating prefix script '/home/ajr/ros2_ws/src/sun_drawer_4/install/local_setup.zsh'
[1.047s] INFO:colcon.colcon_core.shell:Creating prefix chain script '/home/ajr/ros2_ws/src/sun_drawer_4/install/setup.zsh'
